<?xml version="1.0" encoding="UTF-8"?>
<testsuite name="ru.netology.service.CashbackHackServiceTest" tests="3" skipped="0" failures="0" errors="0" timestamp="2019-10-24T17:29:48" hostname="DESKTOP-23AF3EE" time="0.03">
  <properties/>
  <testcase name="shouldRerurn100IfAmountIs900()" classname="ru.netology.service.CashbackHackServiceTest" time="0.024"/>
  <testcase name="shouldRerurn0IfAmountIs1000()" classname="ru.netology.service.CashbackHackServiceTest" time="0.001"/>
  <testcase name="shouldRerurn500IfAmountIs1500()" classname="ru.netology.service.CashbackHackServiceTest" time="0.001"/>
  <system-out><![CDATA[]]></system-out>
  <system-err><![CDATA[]]></system-err>
</testsuite>
